<?xml version="1.0" encoding="UTF-8"?>
<!-- Generated by org.testng.reporters.JUnitReportReporter -->
<testsuite hostname="LAPTOP-GA4HMSSR" failures="0" tests="2" name="com.qa.testng.Report_Log" time="5.386" errors="0" timestamp="2022-09-01T00:23:12 IST" skipped="0">
  <testcase classname="com.qa.testng.Report_Log" name="CloseBrowser" time="2.660"/>
  <system-out>
Driver Closed After Testing  </system-out>
  <testcase classname="com.qa.testng.Report_Log" name="OpenBrowser" time="2.726"/>
  <system-out>
This test verifies the current selenium compatibility with TestNG by launching the chrome driver Launching Google Chrome Driver for this test The website used was DemoQA for this test  </system-out>
</testsuite> <!-- com.qa.testng.Report_Log -->
