<?xml version="1.0" encoding="UTF-8"?>
<!-- Generated by org.testng.reporters.JUnitReportReporter -->
<testsuite hostname="LAPTOP-GA4HMSSR" failures="0" tests="2" name="com.qa.testng.DP" time="0.007" errors="0" timestamp="2022-08-30T07:01:38 IST" skipped="0">
  <testcase classname="com.qa.testng.DP" name="myTest" time="0.006"/>
  <system-out/>
  <testcase classname="com.qa.testng.DP" name="myTest" time="0.001"/>
  <system-out/>
</testsuite> <!-- com.qa.testng.DP -->
