<?xml version="1.0" encoding="UTF-8"?>
<!-- Generated by org.testng.reporters.JUnitReportReporter -->
<testsuite hostname="LAPTOP-GA4HMSSR" failures="0" tests="3" name="TestNGSessions.TestNGFirstTest" time="0.009" errors="0" timestamp="2022-08-24T20:00:44 IST" skipped="0">
  <testcase classname="TestNGSessions.TestNGFirstTest" name="b_test" time="0.009"/>
  <system-out/>
  <testcase classname="TestNGSessions.TestNGFirstTest" name="a_test" time="0.000"/>
  <system-out/>
  <testcase classname="TestNGSessions.TestNGFirstTest" name="c_test" time="0.000"/>
  <system-out/>
</testsuite> <!-- TestNGSessions.TestNGFirstTest -->
