<?xml version="1.0" encoding="UTF-8"?>
<!-- Generated by org.testng.reporters.JUnitReportReporter -->
<testsuite hostname="LAPTOP-GA4HMSSR" failures="0" tests="2" name="com.qa.testng.TestNGAssert" time="3.664" errors="0" timestamp="2022-09-01T00:55:50 IST" skipped="0">
  <testcase classname="com.qa.testng.TestNGAssert" name="OpenBrowser" time="2.779"/>
  <system-out>
This test verifies the current selenium compatibility with TestNG by launching the chrome driver Launching Google Chrome Driver version 81 for this test The website used was DemoQA for this test  </system-out>
  <testcase classname="com.qa.testng.TestNGAssert" name="CloseBrowser" time="0.885"/>
  <system-out>
Driver Closed After Testing  </system-out>
</testsuite> <!-- com.qa.testng.TestNGAssert -->
