<?xml version="1.0" encoding="UTF-8"?>
<!-- Generated by org.testng.reporters.JUnitReportReporter -->
<testsuite hostname="LAPTOP-GA4HMSSR" failures="0" tests="3" name="TestNGSessions.TestNGAnnotations" time="0.011" errors="0" timestamp="2022-08-25T01:31:19 IST" skipped="0">
  <testcase classname="TestNGSessions.TestNGAnnotations" name="addTest" time="0.009"/>
  <system-out/>
  <testcase classname="TestNGSessions.TestNGAnnotations" name="subTest" time="0.001"/>
  <system-out/>
  <testcase classname="TestNGSessions.TestNGAnnotations" name="mulTest" time="0.001"/>
  <system-out/>
</testsuite> <!-- TestNGSessions.TestNGAnnotations -->
