<?xml version="1.0" encoding="UTF-8"?>
<!-- Generated by org.testng.reporters.JUnitReportReporter -->
<testsuite hostname="LAPTOP-GA4HMSSR" failures="0" tests="3" name="com.qa.testng.TestNGAnnotations" time="0.018" errors="0" timestamp="2022-11-22T08:47:21 IST" skipped="0">
  <testcase classname="com.qa.testng.TestNGAnnotations" name="addTest" time="0.015"/>
  <system-out/>
  <testcase classname="com.qa.testng.TestNGAnnotations" name="subTest" time="0.002"/>
  <system-out/>
  <testcase classname="com.qa.testng.TestNGAnnotations" name="mulTest" time="0.001"/>
  <system-out/>
</testsuite> <!-- com.qa.testng.TestNGAnnotations -->
