<?xml version="1.0" encoding="UTF-8"?>
<!-- Generated by org.testng.reporters.JUnitReportReporter -->
<testsuite hostname="LAPTOP-GA4HMSSR" failures="0" tests="1" name="TestNGSessions.BaseTestNG" time="0.004" errors="0" timestamp="2022-08-25T01:24:08 IST" skipped="0">
  <testcase classname="TestNGSessions.BaseTestNG" name="beforeMethod" time="0.004"/>
  <system-out>
beforeMethod  </system-out>
</testsuite> <!-- TestNGSessions.BaseTestNG -->
