<?xml version="1.0" encoding="UTF-8"?>
<!-- Generated by org.testng.reporters.JUnitReportReporter -->
<testsuite hostname="LAPTOP-GA4HMSSR" failures="0" tests="1" name="com.TestNG.Group.Home_loan" time="0.012" errors="0" timestamp="2022-11-18T08:59:54 IST" skipped="0">
  <testcase classname="com.TestNG.Group.Home_loan" name="MobileLoginHomeLoan" time="0.012"/>
  <system-out/>
</testsuite> <!-- com.TestNG.Group.Home_loan -->
