<?xml version="1.0" encoding="UTF-8"?>
<!-- Generated by org.testng.reporters.JUnitReportReporter -->
<testsuite hostname="LAPTOP-GA4HMSSR" failures="0" tests="3" name="TestNGFirstTest" time="0.009" errors="0" timestamp="2022-08-24T20:06:18 IST" skipped="0">
  <testcase classname="TestNGFirstTest" name="b_test" time="0.007"/>
  <system-out/>
  <testcase classname="TestNGFirstTest" name="a_test" time="0.001"/>
  <system-out/>
  <testcase classname="TestNGFirstTest" name="c_test" time="0.001"/>
  <system-out/>
</testsuite> <!-- TestNGFirstTest -->
