<?xml version="1.0" encoding="UTF-8"?>
<!-- Generated by org.testng.reporters.JUnitReportReporter -->
<testsuite hostname="LAPTOP-GA4HMSSR" failures="0" tests="1" name="com.TestNG.Group.Home_loan" time="0.001" errors="0" timestamp="2022-09-01T01:25:56 IST" skipped="0">
  <testcase classname="com.TestNG.Group.Home_loan" name="MobileLoginHomeLoan" time="0.001"/>
  <system-out/>
</testsuite> <!-- com.TestNG.Group.Home_loan -->
