<?xml version="1.0" encoding="UTF-8"?>
<!-- Generated by org.testng.reporters.JUnitReportReporter -->
<testsuite hostname="LAPTOP-GA4HMSSR" failures="0" tests="1" name="com.qa.testng.BaseTestNG" time="0.007" errors="0" timestamp="2022-11-18T08:31:34 IST" skipped="0">
  <testcase classname="com.qa.testng.BaseTestNG" name="beforeMethod" time="0.007"/>
  <system-out>
beforeMethod  </system-out>
</testsuite> <!-- com.qa.testng.BaseTestNG -->
