<?xml version="1.0" encoding="UTF-8"?>
<!-- Generated by org.testng.reporters.JUnitReportReporter -->
<testsuite hostname="LAPTOP-GA4HMSSR" failures="0" tests="20" name="com.qa.testng.TestngInvocationCount" time="0.103" errors="0" timestamp="2022-08-31T22:18:13 IST" skipped="0">
  <testcase classname="com.qa.testng.TestngInvocationCount" name="testcase2" time="0.006"/>
  <system-out/>
  <testcase classname="com.qa.testng.TestngInvocationCount" name="testcase2" time="0.003"/>
  <system-out/>
  <testcase classname="com.qa.testng.TestngInvocationCount" name="testcase2" time="0.005"/>
  <system-out/>
  <testcase classname="com.qa.testng.TestngInvocationCount" name="testcase1" time="0.002"/>
  <system-out/>
  <testcase classname="com.qa.testng.TestngInvocationCount" name="testcase1" time="0.005"/>
  <system-out/>
  <testcase classname="com.qa.testng.TestngInvocationCount" name="testcase2" time="0.014"/>
  <system-out/>
  <testcase classname="com.qa.testng.TestngInvocationCount" name="testcase2" time="0.001"/>
  <system-out/>
  <testcase classname="com.qa.testng.TestngInvocationCount" name="testcase2" time="0.008"/>
  <system-out/>
  <testcase classname="com.qa.testng.TestngInvocationCount" name="testcase1" time="0.002"/>
  <system-out/>
  <testcase classname="com.qa.testng.TestngInvocationCount" name="testcase2" time="0.006"/>
  <system-out/>
  <testcase classname="com.qa.testng.TestngInvocationCount" name="testcase1" time="0.004"/>
  <system-out/>
  <testcase classname="com.qa.testng.TestngInvocationCount" name="testcase1" time="0.001"/>
  <system-out/>
  <testcase classname="com.qa.testng.TestngInvocationCount" name="testcase2" time="0.001"/>
  <system-out/>
  <testcase classname="com.qa.testng.TestngInvocationCount" name="testcase1" time="0.002"/>
  <system-out/>
  <testcase classname="com.qa.testng.TestngInvocationCount" name="testcase1" time="0.002"/>
  <system-out/>
  <testcase classname="com.qa.testng.TestngInvocationCount" name="testcase2" time="0.011"/>
  <system-out/>
  <testcase classname="com.qa.testng.TestngInvocationCount" name="testcase2" time="0.003"/>
  <system-out/>
  <testcase classname="com.qa.testng.TestngInvocationCount" name="testcase1" time="0.005"/>
  <system-out/>
  <testcase classname="com.qa.testng.TestngInvocationCount" name="testcase1" time="0.019"/>
  <system-out/>
  <testcase classname="com.qa.testng.TestngInvocationCount" name="testcase1" time="0.003"/>
  <system-out/>
</testsuite> <!-- com.qa.testng.TestngInvocationCount -->
