<?xml version="1.0" encoding="UTF-8"?>
<!-- Generated by org.testng.reporters.JUnitReportReporter -->
<testsuite hostname="LAPTOP-GA4HMSSR" failures="0" tests="1" name="com.TestNG.Group.Car_loan" time="0.003" errors="0" timestamp="2022-11-18T08:52:47 IST" skipped="0">
  <testcase classname="com.TestNG.Group.Car_loan" name="APILoginCarLoan" time="0.003"/>
  <system-out/>
</testsuite> <!-- com.TestNG.Group.Car_loan -->
